+ DOCKER=docker
+ CMA=assim.centos6
++ pwd
+ PKGDIR=/home/alanr/monitor/src/docker/CentOS/
++ git rev-parse --short master
+ export ASSIMVERSION=assimilation-assimilation-official-67fc220
+ ASSIMVERSION=assimilation-assimilation-official-67fc220
+ ./CentOS6-directions --format=dockerfile docker
+ rm -fr /home/alanr/monitor/src/docker/CentOS//packages
+ docker build -t assim.centos6 .
Sending build context to Docker daemon 84.99 kB
Sending build context to Docker daemon 
Step 0 : FROM centos:centos6
 ---> 510cf09a7986
Step 1 : RUN yum -y install wget epel-release
 ---> Using cache
 ---> b80cde1862db
Step 2 : RUN wget -qO- http://dev.centos.org/centos/6/SCL/scl.repo >> /etc/yum.repos.d/centos.scl.repo
 ---> Using cache
 ---> d852cbb9b0dd
Step 3 : RUN yum -y update
 ---> Using cache
 ---> c4780820688f
Step 4 : RUN wget -q ftp://mandril.creatis.insa-lyon.fr/linux/remi/enterprise/6/remi/x86_64/libsodium-last-1.0.3-1.el6.remi.x86_64.rpm -O /tmp/libsodium-last-1.0.3-1.el6.remi.x86_64.rpm
 ---> Using cache
 ---> 6b9f9a97d3b5
Step 5 : RUN wget -q ftp://mandril.creatis.insa-lyon.fr/linux/remi/enterprise/6/remi/x86_64/libsodium-last-devel-1.0.3-1.el6.remi.x86_64.rpm -O /tmp/libsodium-last-devel-1.0.3-1.el6.remi.x86_64.rpm
 ---> Using cache
 ---> 3cc5d52ffd2d
Step 6 : RUN yum -y install           /tmp/libsodium-last-1.0.3-1.el6.remi.x86_64.rpm /tmp/libsodium-last-devel-1.0.3-1.el6.remi.x86_64.rpm
 ---> Using cache
 ---> 6dfa06a8b396
Step 7 : RUN set -x
 ---> Using cache
 ---> fd94ee623cc1
Step 8 : RUN mkdir -p /root/rpmbuild/SOURCES
 ---> Using cache
 ---> efec5eea779e
Step 9 : RUN wget -q https://github.com/assimilation/assimilation-official/tarball/master -O /root/rpmbuild/SOURCES/master.tar.gz
 ---> Using cache
 ---> 8615479f482b
Step 10 : RUN yum -y install java-1.7.0-openjdk
 ---> Using cache
 ---> 527329202a7a
Step 11 : RUN yum -y install which lsof tar
 ---> Using cache
 ---> cbe2bbe945fa
Step 12 : RUN wget -q "http://neo4j.com/artifact.php?name=neo4j-community-2.1.3-unix.tar.gz" -O /tmp/neo4j-community-2.1.3-unix.tar.gz
 ---> Using cache
 ---> 260e12eabac4
Step 13 : RUN tar -C /var/lib -xzf /tmp/neo4j-community-2.1.3-unix.tar.gz
 ---> Using cache
 ---> 70ad364b4f5d
Step 14 : RUN ln -s /var/lib/neo4j-community-2.1.3/ /var/lib/neo4j
 ---> Using cache
 ---> e226e4d18278
Step 15 : RUN printf 'nn' | /var/lib/neo4j/bin/neo4j-installer install
 ---> Using cache
 ---> 9976ad3fcbc6
Step 16 : RUN set -x
 ---> Using cache
 ---> 017de6b0ac8e
Step 17 : RUN yum -y install rpm-build tar scl-utils-build glib2-devel libpcap-devel zlib-devel gcc scl-utils python27-python python27-python-devel cmake28 python27-python-setuptools
 ---> Using cache
 ---> 4eef52520a5a
Step 18 : WORKDIR /root/rpmbuild/SOURCES
 ---> Using cache
 ---> 4f4686d7c4fa
Step 19 : RUN echo foo 1
 ---> Using cache
 ---> ed8e2d032a6f
Step 20 : ENV ASSIMVERSION assimilation-assimilation-official-67fc220
 ---> Using cache
 ---> af5dfb729eb2
Step 21 : RUN echo "Downloaded Assimilation version ${ASSIMVERSION}"
 ---> Using cache
 ---> b85145cbbdfd
Step 22 : RUN echo "Version info"
 ---> Using cache
 ---> 04b4ad6c34fb
Step 23 : RUN tar tzf /root/rpmbuild/SOURCES/master.tar.gz | head -5
 ---> Using cache
 ---> 391bc5e5aa95
Step 24 : RUN echo "Looking for spec file"
 ---> Using cache
 ---> b3df306922d8
Step 25 : RUN tar tzf /root/rpmbuild/SOURCES/master.tar.gz | grep 'docker'
 ---> Using cache
 ---> 83274270c47c
Step 26 : RUN mkdir /tmp/assim-rpm
 ---> Using cache
 ---> fafb96bff44c
Step 27 : WORKDIR /tmp/assim-rpm
 ---> Using cache
 ---> b5c4587295d8
Step 28 : RUN tar xvf /root/rpmbuild/SOURCES/master.tar.gz ${ASSIMVERSION}/docker/CentOS/assimilation-cma.spec
 ---> Using cache
 ---> 52b09b68f474
Step 29 : RUN rm -f /root/rpmbuild/RPMS/x86_64/assimilation-*.rpm
 ---> Using cache
 ---> c198804a9c6d
Step 30 : RUN mv /root/rpmbuild/SOURCES/master.tar.gz /root/rpmbuild/SOURCES/${ASSIMVERSION}.tgz
 ---> Using cache
 ---> 82d5c9d1ec19
Step 31 : RUN scl enable python27 'easy_install pip'
 ---> Using cache
 ---> 3b7a05af0587
Step 32 : RUN scl enable python27 'pip install ctypesgen'
 ---> Using cache
 ---> 1d677be04f8b
Step 33 : RUN rpmbuild -ba /tmp/assim-rpm/${ASSIMVERSION}/docker/CentOS/assimilation-cma.spec --define="assimversion ${ASSIMVERSION}" --define="libsodium libsodium-last"
 ---> Using cache
 ---> fa079ea10f3f
Step 34 : WORKDIR /
 ---> Using cache
 ---> d620efecfa64
Step 35 : RUN rm -fr /tmp/assim-rpm
 ---> Using cache
 ---> 1178ac17f2ad
Step 36 : WORKDIR /root/rpmbuild/RPMS/x86_64/
 ---> Using cache
 ---> 911260dd060c
Step 37 : RUN yum -y install assimilation-nanoprobe*.x86_64.rpm
 ---> Using cache
 ---> 286534ce6c6e
Step 38 : RUN yum -y install python27-python-setuptools
 ---> Using cache
 ---> 2b42f4e5ed70
Step 39 : RUN scl enable python27 'easy_install pip'
 ---> Using cache
 ---> 1ff3a4f212c9
Step 40 : RUN scl enable python27 'pip install netaddr getent flask "py2neo>=2.0" demjson'
 ---> Running in 50a6030d07aa
Collecting netaddr
[91m/opt/rh/python27/root/usr/lib/python2.7/site-packages/pip-7.1.2-py2.7.egg/pip/_vendor/requests/packages/urllib3/util/ssl_.py:90: InsecurePlatformWarning: A true SSLContext object is not available. This prevents urllib3 from configuring SSL appropriately and may cause certain SSL connections to fail. For more information, see https://urllib3.readthedocs.org/en/latest/security.html#insecureplatformwarning.
[0m[91m  InsecurePlatformWarning
[0m  Downloading netaddr-0.7.18-py2.py3-none-any.whl (1.5MB)
Collecting getent
  Downloading getent-0.2.tar.gz
Collecting flask
  Downloading Flask-0.10.1.tar.gz (544kB)
Collecting py2neo>=2.0
  Downloading py2neo-2.0.7.tar.gz (251kB)
Collecting demjson
  Downloading demjson-2.2.3.tar.gz (131kB)
Collecting Werkzeug>=0.7 (from flask)
  Downloading Werkzeug-0.10.4-py2.py3-none-any.whl (293kB)
Collecting Jinja2>=2.4 (from flask)
  Downloading Jinja2-2.8-py2.py3-none-any.whl (263kB)
Collecting itsdangerous>=0.21 (from flask)
  Downloading itsdangerous-0.24.tar.gz (46kB)
Collecting MarkupSafe (from Jinja2>=2.4->flask)
  Downloading MarkupSafe-0.23.tar.gz
Installing collected packages: netaddr, getent, Werkzeug, MarkupSafe, Jinja2, itsdangerous, flask, py2neo, demjson
  Running setup.py install for getent
  Running setup.py install for MarkupSafe
  Running setup.py install for itsdangerous
  Running setup.py install for flask
  Running setup.py install for py2neo
  Running setup.py install for demjson
Successfully installed Jinja2-2.8 MarkupSafe-0.23 Werkzeug-0.10.4 demjson-2.2.3 flask-0.10.1 getent-0.2 itsdangerous-0.24 netaddr-0.7.18 py2neo-2.0.7
 ---> 0a17e43d8f03
Removing intermediate container 50a6030d07aa
Step 41 : RUN yum -y install assimilation-cma*.x86_64.rpm
 ---> Running in aee9f8c7124e
Loaded plugins: fastestmirror
Setting up Install Process
Examining assimilation-cma-0.1.4-0.30.x86_64.rpm: assimilation-cma-0.1.4-0.30.x86_64
Marking assimilation-cma-0.1.4-0.30.x86_64.rpm to be installed
Loading mirror speeds from cached hostfile
 * base: mirror.sanctuaryhost.com
 * epel: mirrors.tummy.com
 * extras: mirrors.chkhosting.com
 * updates: repos.dfw.quadranet.com
Examining assimilation-cma-debuginfo-0.1.4-0.30.x86_64.rpm: assimilation-cma-debuginfo-0.1.4-0.30.x86_64
Marking assimilation-cma-debuginfo-0.1.4-0.30.x86_64.rpm to be installed
Resolving Dependencies
--> Running transaction check
---> Package assimilation-cma.x86_64 0:0.1.4-0.30 will be installed
---> Package assimilation-cma-debuginfo.x86_64 0:0.1.4-0.30 will be installed
--> Finished Dependency Resolution

Dependencies Resolved

================================================================================
 Package  Arch   Version    Repository                                     Size
================================================================================
Installing:
 assimilation-cma
          x86_64 0.1.4-0.30 /assimilation-cma-0.1.4-0.30.x86_64           2.1 M
 assimilation-cma-debuginfo
          x86_64 0.1.4-0.30 /assimilation-cma-debuginfo-0.1.4-0.30.x86_64 1.6 M

Transaction Summary
================================================================================
Install       2 Package(s)

Total size: 3.7 M
Installed size: 3.7 M
Downloading Packages:
Running rpm_check_debug
Running Transaction Test
Transaction Test Succeeded
Running Transaction
  Installing : assimilation-cma-0.1.4-0.30.x86_64                           1/2 
  Installing : assimilation-cma-debuginfo-0.1.4-0.30.x86_64                 2/2 
  Verifying  : assimilation-cma-debuginfo-0.1.4-0.30.x86_64                 1/2 
  Verifying  : assimilation-cma-0.1.4-0.30.x86_64                           2/2 

Installed:
  assimilation-cma.x86_64 0:0.1.4-0.30                                          
  assimilation-cma-debuginfo.x86_64 0:0.1.4-0.30                                

Complete!
 ---> 856ae61213ce
Removing intermediate container aee9f8c7124e
Step 42 : RUN yum -y install rsyslog
 ---> Running in 16c5a11648f5
Loaded plugins: fastestmirror
Setting up Install Process
Loading mirror speeds from cached hostfile
 * base: mirror.sanctuaryhost.com
 * epel: mirrors.tummy.com
 * extras: mirrors.chkhosting.com
 * updates: repos.dfw.quadranet.com
Package rsyslog-5.8.10-10.el6_6.x86_64 already installed and latest version
Nothing to do
 ---> 81aa416c6077
Removing intermediate container 16c5a11648f5
Step 43 : RUN mkdir /tmp/assimilation-test /tmp/assimilation-test/bin
 ---> Running in 9ddcc40b0e2c
 ---> 2768afdf26ae
Removing intermediate container 9ddcc40b0e2c
Step 44 : WORKDIR /tmp/assimilation-test
 ---> Running in 1cb06f1e40d6
 ---> 871e2e494545
Removing intermediate container 1cb06f1e40d6
Step 45 : RUN tar xzf /root/rpmbuild/SOURCES/${ASSIMVERSION}.tgz
 ---> Running in d46781871b48
 ---> f08144845398
Removing intermediate container d46781871b48
Step 46 : RUN mv ${ASSIMVERSION} src
 ---> Running in b82bacef6ab9
 ---> ee888ed922d7
Removing intermediate container b82bacef6ab9
Step 47 : WORKDIR /tmp/assimilation-test/bin
 ---> Running in de5129f0b101
 ---> 92a2a45ae332
Removing intermediate container de5129f0b101
Step 48 : RUN /usr/bin/cmake28 ../src
 ---> Running in 63bb5d9e44e0
-- The C compiler identification is GNU 4.4.7
-- Check for working C compiler: /usr/bin/cc
-- Check for working C compiler: /usr/bin/cc -- works
-- Detecting C compiler ABI info
-- Detecting C compiler ABI info - done
[91mProject LIBDIR IS /usr/lib64/assimilation
[0m-- Found PkgConfig: /usr/bin/pkg-config (found version "0.23") 
-- checking for module 'glib-2.0'
--   found glib-2.0, version 2.28.8
-- Looking for unistd.h
-- Looking for unistd.h - found
-- Looking for sys/utsname.h
-- Looking for sys/utsname.h - found
-- Looking for fcntl.h
-- Looking for fcntl.h - found
-- Looking for mcheck.h
-- Looking for mcheck.h - found
-- Looking for sys/types.h
-- Looking for sys/types.h - found
-- Looking for sys/socket.h
-- Looking for sys/socket.h - found
-- Looking for netdb.h
-- Looking for netdb.h - found
-- Looking for zlib.h
-- Looking for zlib.h - found
-- Looking for sodium.h
-- Looking for sodium.h - found
-- Looking for clock_gettime
-- Looking for clock_gettime - found
-- Looking for endprotoent
-- Looking for endprotoent - found
-- Looking for fcntl
-- Looking for fcntl - found
-- Looking for g_get_real_time
-- Looking for g_get_real_time - found
-- Looking for g_get_monotonic_time
-- Looking for g_get_monotonic_time - found
-- Looking for g_get_environ
-- Looking for g_get_environ - found
-- Looking for getaddrinfo
-- Looking for getaddrinfo - found
-- Looking for geteuid
-- Looking for geteuid - found
-- Looking for kill
-- Looking for kill - found
-- Looking for mcheck
-- Looking for mcheck - found
-- Looking for mcheck_pedantic
-- Looking for mcheck_pedantic - found
-- Looking for setpgid
-- Looking for setpgid - found
-- Looking for sigaction
-- Looking for sigaction - found
-- Looking for uname
-- Looking for uname - found
-- Looking for GetComputerNameA
-- Looking for GetComputerNameA - not found
-- Found GNU gcc
-- Notice: Enabling the strictest GCC flags.
-- Could NOT find Doxygen (missing:  DOXYGEN_EXECUTABLE) 
-- Configuring done
-- Generating done
-- Build files have been written to: /tmp/assimilation-test/bin
 ---> 19e5d16dd818
Removing intermediate container 63bb5d9e44e0
Step 49 : RUN scl enable python27 make
 ---> Running in 21a85d5dbb5d
[91mProject LIBDIR IS /usr/lib64/assimilation
[0m-- Found GNU gcc
-- Notice: Enabling the strictest GCC flags.
-- Could NOT find Doxygen (missing:  DOXYGEN_EXECUTABLE) 
-- Configuring done
-- Generating done
-- Build files have been written to: /tmp/assimilation-test/bin
Scanning dependencies of target generate_frametypes
[  1%] Generating ../include/frametypes.h
[  1%] Built target generate_frametypes
Scanning dependencies of target generate_framesettypes
[  2%] Generating ../include/framesettypes.h
[  2%] Built target generate_framesettypes
Scanning dependencies of target assimilationclientlib
[  4%] Building C object clientlib/CMakeFiles/assimilationclientlib.dir/proj_classes.c.o
[  5%] Building C object clientlib/CMakeFiles/assimilationclientlib.dir/cdp_min.c.o
[  7%] Building C object clientlib/CMakeFiles/assimilationclientlib.dir/lldp_min.c.o
[  8%] Building C object clientlib/CMakeFiles/assimilationclientlib.dir/pcap_min.c.o
[ 10%] Building C object clientlib/CMakeFiles/assimilationclientlib.dir/generic_tlv_min.c.o
[ 11%] Building C object clientlib/CMakeFiles/assimilationclientlib.dir/pcap_GSource.c.o
[ 13%] Building C object clientlib/CMakeFiles/assimilationclientlib.dir/tlvhelper.c.o
[ 14%] Building C object clientlib/CMakeFiles/assimilationclientlib.dir/frameset.c.o
[ 16%] Building C object clientlib/CMakeFiles/assimilationclientlib.dir/frame.c.o
[ 17%] Building C object clientlib/CMakeFiles/assimilationclientlib.dir/intframe.c.o
[ 19%] Building C object clientlib/CMakeFiles/assimilationclientlib.dir/addrframe.c.o
[ 20%] Building C object clientlib/CMakeFiles/assimilationclientlib.dir/cstringframe.c.o
[ 22%] Building C object clientlib/CMakeFiles/assimilationclientlib.dir/signframe.c.o
[ 23%] Building C object clientlib/CMakeFiles/assimilationclientlib.dir/unknownframe.c.o
[ 25%] Building C object clientlib/CMakeFiles/assimilationclientlib.dir/seqnoframe.c.o
[ 26%] Building C object clientlib/CMakeFiles/assimilationclientlib.dir/packetdecoder.c.o
[ 28%] Building C object clientlib/CMakeFiles/assimilationclientlib.dir/arpdiscovery.c.o
[ 29%] Building C object clientlib/CMakeFiles/assimilationclientlib.dir/discovery.c.o
[ 31%] Building C object clientlib/CMakeFiles/assimilationclientlib.dir/switchdiscovery.c.o
[ 32%] Building C object clientlib/CMakeFiles/assimilationclientlib.dir/netio.c.o
[ 34%] Building C object clientlib/CMakeFiles/assimilationclientlib.dir/netioudp.c.o
[ 35%] Building C object clientlib/CMakeFiles/assimilationclientlib.dir/netgsource.c.o
[ 37%] Building C object clientlib/CMakeFiles/assimilationclientlib.dir/netaddr.c.o
[ 38%] Building C object clientlib/CMakeFiles/assimilationclientlib.dir/hblistener.c.o
[ 40%] Building C object clientlib/CMakeFiles/assimilationclientlib.dir/hbsender.c.o
[ 41%] Building C object clientlib/CMakeFiles/assimilationclientlib.dir/cryptframe.c.o
[ 43%] Building C object clientlib/CMakeFiles/assimilationclientlib.dir/cryptcurve25519.c.o
[ 44%] Building C object clientlib/CMakeFiles/assimilationclientlib.dir/compressframe.c.o
[ 46%] Building C object clientlib/CMakeFiles/assimilationclientlib.dir/nvpairframe.c.o
[ 47%] Building C object clientlib/CMakeFiles/assimilationclientlib.dir/listener.c.o
[ 49%] Building C object clientlib/CMakeFiles/assimilationclientlib.dir/configcontext.c.o
[ 50%] Building C object clientlib/CMakeFiles/assimilationclientlib.dir/assimobj.c.o
[ 52%] Building C object clientlib/CMakeFiles/assimilationclientlib.dir/authlistener.c.o
[ 53%] Building C object clientlib/CMakeFiles/assimilationclientlib.dir/jsondiscovery.c.o
[ 55%] Building C object clientlib/CMakeFiles/assimilationclientlib.dir/nanoprobe.c.o
[ 56%] Building C object clientlib/CMakeFiles/assimilationclientlib.dir/cmalib.c.o
[ 58%] Building C object clientlib/CMakeFiles/assimilationclientlib.dir/ipportframe.c.o
[ 59%] Building C object clientlib/CMakeFiles/assimilationclientlib.dir/misc.c.o
[ 61%] Building C object clientlib/CMakeFiles/assimilationclientlib.dir/fsqueue.c.o
[ 62%] Building C object clientlib/CMakeFiles/assimilationclientlib.dir/fsprotocol.c.o
[ 64%] Building C object clientlib/CMakeFiles/assimilationclientlib.dir/reliableudp.c.o
[ 65%] Building C object clientlib/CMakeFiles/assimilationclientlib.dir/replacement_funs.c.o
[ 67%] Building C object clientlib/CMakeFiles/assimilationclientlib.dir/gmainfd.c.o
[ 68%] Building C object clientlib/CMakeFiles/assimilationclientlib.dir/logsourcefd.c.o
[ 70%] Building C object clientlib/CMakeFiles/assimilationclientlib.dir/childprocess.c.o
[ 71%] Building C object clientlib/CMakeFiles/assimilationclientlib.dir/resourcecmd.c.o
[ 73%] Building C object clientlib/CMakeFiles/assimilationclientlib.dir/resourceocf.c.o
[ 74%] Building C object clientlib/CMakeFiles/assimilationclientlib.dir/resourcequeue.c.o
[ 76%] Building C object clientlib/CMakeFiles/assimilationclientlib.dir/resourcelsb.c.o
[ 77%] Building C object clientlib/CMakeFiles/assimilationclientlib.dir/resourcenagios.c.o
Linking C shared library libassimilationclientlib.so
[ 77%] Built target assimilationclientlib
Scanning dependencies of target generate_ctypes_bin
[ 79%] Generating /tmp/assimilation-test/src/cma/AssimCtypes.py-install
Status: Preprocessing /tmp/tmpwdSuw0.h
Status: gcc -E -DCTYPESGEN -D__signed__=signed -U __GNUC__ -dD -I/tmp/assimilation-test/src/include -I/usr/include/glib-2.0 -I/usr/lib64/glib-2.0/include -I/tmp/assimilation-test/src/include -I/tmp/assimilation-test/bin/include "-Dinline=" "-D__inline__=" "-D__extension__=" "-D_Bool=uint8_t" "-D__const=const" "-D__asm__(x)=" "-D__asm(x)=" "-DCTYPESGEN=1" /tmp/tmpwdSuw0.h
Status: Parsing /tmp/tmpwdSuw0.h
Status: Processing description list.
Status: Writing to /tmp/assimilation-test/src/cma/AssimCtypes.py-install.
Status: Wrapping complete.
[ 82%] Built target generate_ctypes_bin
Scanning dependencies of target generate_ctypes_src
[ 83%] Generating /tmp/assimilation-test/src/cma/AssimCtypes.py
Status: Preprocessing /tmp/tmpCZbMpR.h
Status: gcc -E -DCTYPESGEN -D__signed__=signed -U __GNUC__ -dD -I/tmp/assimilation-test/src/include -I/usr/include/glib-2.0 -I/usr/lib64/glib-2.0/include -I/tmp/assimilation-test/src/include -I/tmp/assimilation-test/bin/include "-Dinline=" "-D__inline__=" "-D__extension__=" "-D_Bool=uint8_t" "-D__const=const" "-D__asm__(x)=" "-D__asm(x)=" "-DCTYPESGEN=1" /tmp/tmpCZbMpR.h
Status: Parsing /tmp/tmpCZbMpR.h
Status: Processing description list.
Status: Writing to /tmp/assimilation-test/src/cma/AssimCtypes.py.
Status: Wrapping complete.
[ 86%] Built target generate_ctypes_src
Scanning dependencies of target assimilationserverlib
[ 88%] Building C object serverlib/CMakeFiles/assimilationserverlib.dir/dump.c.o
[ 89%] Building C object serverlib/CMakeFiles/assimilationserverlib.dir/lldp.c.o
[ 91%] Building C object serverlib/CMakeFiles/assimilationserverlib.dir/cdp.c.o
Linking C shared library libassimilationserverlib.so
[ 91%] Built target assimilationserverlib
Scanning dependencies of target filetest
[ 92%] Building C object testcode/CMakeFiles/filetest.dir/pcap_test.c.o
Linking C executable filetest
[ 92%] Built target filetest
Scanning dependencies of target gtest01
[ 94%] Building C object testcode/CMakeFiles/gtest01.dir/gtest01.c.o
Linking C executable gtest01
[ 94%] Built target gtest01
Scanning dependencies of target gtest02
[ 95%] Building C object testcode/CMakeFiles/gtest02.dir/gtest02.c.o
Linking C executable gtest02
[ 95%] Built target gtest02
Scanning dependencies of target mainlooptest
[ 97%] Building C object testcode/CMakeFiles/mainlooptest.dir/pcap+mainloop.c.o
Linking C executable mainlooptest
[ 97%] Built target mainlooptest
Scanning dependencies of target pinger
[ 98%] Building C object testcode/CMakeFiles/pinger.dir/pinger.c.o
Linking C executable pinger
[ 98%] Built target pinger
Scanning dependencies of target nanoprobe
[100%] Building C object nanoprobe/CMakeFiles/nanoprobe.dir/nanomain.c.o
Linking C executable nanoprobe
[100%] Built target nanoprobe
 ---> 3b595c60d4d2
Removing intermediate container 21a85d5dbb5d
Step 50 : RUN yum -y install valgrind
 ---> Running in 1907d1ce7dcf
Loaded plugins: fastestmirror
Setting up Install Process
Loading mirror speeds from cached hostfile
 * base: mirror.sanctuaryhost.com
 * epel: mirrors.tummy.com
 * extras: mirrors.chkhosting.com
 * updates: repos.dfw.quadranet.com
Resolving Dependencies
--> Running transaction check
---> Package valgrind.x86_64 1:3.8.1-8.el6 will be installed
--> Finished Dependency Resolution

Dependencies Resolved

================================================================================
 Package           Arch            Version                  Repository     Size
================================================================================
Installing:
 valgrind          x86_64          1:3.8.1-8.el6            base           38 M

Transaction Summary
================================================================================
Install       1 Package(s)

Total download size: 38 M
Installed size: 174 M
Downloading Packages:
Running rpm_check_debug
Running Transaction Test
Transaction Test Succeeded
Running Transaction
  Installing : 1:valgrind-3.8.1-8.el6.x86_64                                1/1 
  Verifying  : 1:valgrind-3.8.1-8.el6.x86_64                                1/1 

Installed:
  valgrind.x86_64 1:3.8.1-8.el6                                                 

Complete!
 ---> b22094e78b53
Removing intermediate container 1907d1ce7dcf
Step 51 : RUN scl enable python27 'pip install testify pylint'
 ---> Running in a8ed5f172057
Collecting testify
[91m/opt/rh/python27/root/usr/lib/python2.7/site-packages/pip-7.1.2-py2.7.egg/pip/_vendor/requests/packages/urllib3/util/ssl_.py:90: InsecurePlatformWarning: A true SSLContext object is not available. This prevents urllib3 from configuring SSL appropriately and may cause certain SSL connections to fail. For more information, see https://urllib3.readthedocs.org/en/latest/security.html#insecureplatformwarning.
[0m[91m  InsecurePlatformWarning
[0m  Downloading testify-0.7.2.tar.gz (102kB)
Collecting pylint
  Downloading pylint-1.4.4-py2.py3-none-any.whl (428kB)
Collecting Mock (from testify)
  Downloading mock-1.3.0-py2.py3-none-any.whl (56kB)
Collecting PyYaml (from testify)
  Downloading PyYAML-3.11.tar.gz (248kB)
Collecting SQLAlchemy (from testify)
  Downloading SQLAlchemy-1.0.8.tar.gz (4.6MB)
Collecting Tornado (from testify)
  Downloading tornado-4.2.1.tar.gz (434kB)
Collecting six>=1.7.3 (from testify)
  Downloading six-1.9.0-py2.py3-none-any.whl
Collecting logilab-common>=0.53.0 (from pylint)
  Downloading logilab-common-1.0.2.tar.gz (190kB)
Collecting astroid>=1.3.6 (from pylint)
  Downloading astroid-1.3.8-py2.py3-none-any.whl (183kB)
Collecting funcsigs (from Mock->testify)
  Downloading funcsigs-0.4-py2.py3-none-any.whl
Collecting pbr>=0.11 (from Mock->testify)
  Downloading pbr-1.7.0-py2.py3-none-any.whl (87kB)
Collecting backports.ssl-match-hostname (from Tornado->testify)
  Downloading backports.ssl_match_hostname-3.4.0.2.tar.gz
Collecting certifi (from Tornado->testify)
  Downloading certifi-2015.9.6.2-py2.py3-none-any.whl (371kB)
Requirement already satisfied (use --upgrade to upgrade): setuptools in /opt/rh/python27/root/usr/lib/python2.7/site-packages (from logilab-common>=0.53.0->pylint)
Installing collected packages: funcsigs, pbr, six, Mock, PyYaml, SQLAlchemy, backports.ssl-match-hostname, certifi, Tornado, testify, logilab-common, astroid, pylint
  Running setup.py install for PyYaml
  Running setup.py install for SQLAlchemy
  Running setup.py install for backports.ssl-match-hostname
  Running setup.py install for Tornado
  Running setup.py install for testify
  Running setup.py install for logilab-common
Successfully installed Mock-1.3.0 PyYaml-3.11 SQLAlchemy-1.0.8 Tornado-4.2.1 astroid-1.3.8 backports.ssl-match-hostname-3.4.0.2 certifi-2015.9.6.2 funcsigs-0.4 logilab-common-1.0.2 pbr-1.7.0 pylint-1.4.4 six-1.9.0 testify-0.7.2
 ---> 9b37e98fc891
Removing intermediate container a8ed5f172057
Step 52 : RUN mkdir -p /var/lib/heartbeat/lrm
 ---> Running in 2fc9bbec7583
 ---> d20f0cc0a32f
Removing intermediate container 2fc9bbec7583
Step 53 : RUN echo 'dbms.security.auth_enabled=false' >> /var/lib/neo4j/conf/neo4j-server.properties
 ---> Running in b3bba1e4f7e0
 ---> faaafa9ba450
Removing intermediate container b3bba1e4f7e0
Step 54 : WORKDIR /tmp/assimilation-test/src/cma
 ---> Running in 3edc5c04339c
 ---> df87482702ee
Removing intermediate container 3edc5c04339c
Step 55 : RUN service rsyslog start & service neo4j-service start & sleep 10 && scl enable python27 'assimcli genkeys && testify -v tests'
 ---> Running in a0a9a83372db
Starting system logger: [  OK  ]
Using additional JVM arguments:  -server -XX:+DisableExplicitGC -Dorg.neo4j.server.properties=conf/neo4j-server.properties -Djava.util.logging.config.file=conf/logging.properties -Dlog4j.configuration=file:conf/log4j.properties -XX:+UseConcMarkSweepGC -XX:+CMSClassUnloadingEnabled
[91mGenerating key id 0
[0m[91mGenerating key id 1
[0mStarting Neo4j Server...process [156]... waiting for server to be ready..........No CMA keys found. Generating two CMA key-pairs to start.
SECURELY HIDE *private* key /usr/share/assimilation/crypto.d/#CMA#00000.secret
[91mUSING PYTHON VERSION 2.7.5 (default, Oct 29 2013, 22:46:38) 
[0m[91m[GCC 4.4.7 20120313 (Red Hat 4.4.7-3)]
[0m[91mUSING NEO4J VERSION (2, 1, 3)
[0m[91mUSING py2neo VERSION 2.0.7
[0m.tests.cclass_wrappers_test pyFrameSetTest.test_buildlistbackwards ... ok in 0.00s
tests.cclass_wrappers_test pyFrameSetTest.test_buildlistforward ... ok in 0.00s
tests.cclass_wrappers_test pyFrameSetTest.test_buildpacket ... ok in 0.00s
tests.cclass_wrappers_test pyFrameSetTest.test_constructor ... ok in 0.00s
tests.cclass_wrappers_test pyFrameSetTest.test_flags ... ok in 0.00s
tests.store_test TestDatabaseWrites.test_create_and_query ... ...ok in 2.50s
tests.assimevent_test TestAssimEvent.test_fork_exec_event ... WARNING: pipe buffer size is only 4096 bytes
ok in 0.10s
tests.assimevent_test TestAssimEvent.test_fork_exec_killchild ... WARNING: pipe buffer size is only 4096 bytes
WARNING: pipe buffer size is only 4096 bytes
ok in 0.20s
tests.assimevent_test TestAssimEvent.test_simple_init_bad ... ok in 0.00s
tests.assimevent_test TestAssimEvent.test_simple_init_good ... ok in 0.00s
tests.cclass_wrappers_test pyCstringFrameTest.test_constructor ... ok in 0.00s
tests.cclass_wrappers_test pyUnknownFrameTest.test_constructor ... ok in 0.00s
[91mSystem drone000002 at 10.0.0.2:1984 reports graceful shutdown.
[0m[91mSystem drone000003 at 10.0.0.3:1984 reports graceful shutdown.
[0m[91mSystem drone000004 at 10.0.0.4:1984 reports graceful shutdown.
[0m[91mSystem drone000005 at 10.0.0.5:1984 reports graceful shutdown.
[0mtests.cma_test TestCMABasic.test_several_startups ... .........ok in 9.97s
tests.cma_test TestCMABasic.test_startup ... .............ok in 14.25s
tests.cclass_wrappers_test pyFrameTest.test_constructor ... ok in 0.00s
tests.cclass_wrappers_test pyFrameTest.test_setvalue ... ok in 0.00s
tests.cclass_wrappers_test pyIntFrameTest.test_constructor ... ok in 0.00s
tests.cclass_wrappers_test pyIntFrameTest.test_set ... ok in 0.00s
tests.cclass_wrappers_test pyIpPortFrameTest1.test_constructor ... ok in 0.00s
tests.cma_test TestMonitorBasic.test_activate ... ......ok in 6.22s
tests.cma_test TestMonitorBasic.test_automonitor_LSB_basic ... ok in 0.00s
tests.cma_test TestMonitorBasic.test_automonitor_LSB_complete ... ok in 0.00s
tests.cma_test TestMonitorBasic.test_automonitor_LSB_failures ... ok in 0.00s
tests.cma_test TestMonitorBasic.test_automonitor_OCF_basic ... ok in 0.00s
tests.cma_test TestMonitorBasic.test_automonitor_OCF_complete ... ok in 0.00s
tests.cma_test TestMonitorBasic.test_automonitor_OCF_failures ... ok in 0.00s
tests.cma_test TestMonitorBasic.test_automonitor_functions ... ok in 0.00s
tests.cma_test TestMonitorBasic.test_automonitor_search_basic ... ok in 0.00s
tests.cma_test TestMonitorBasic.test_automonitor_strings_basic ... ok in 0.00s
tests.store_test TestRelateOps.test_relate1 ... .ok in 0.53s
tests.store_test TestRelateOps.test_relate2 ... ok in 0.49s
tests.store_test TestRelateOps.test_separate1 ... .ok in 0.53s
tests.cclass_wrappers_test pyNetAddrTest.test_constructor ... ok in 0.00s
tests.cclass_wrappers_test pyNetAddrTest.test_dns_strinit ... .ok in 1.38s
tests.cclass_wrappers_test pyNetAddrTest.test_ipv4_eq ... ok in 0.00s
tests.cclass_wrappers_test pyNetAddrTest.test_ipv4_strinit ... ok in 0.37s
tests.cclass_wrappers_test pyNetAddrTest.test_ipv6_eq ... ok in 0.00s
tests.cclass_wrappers_test pyNetAddrTest.test_ipv6_str ... ok in 0.00s
tests.cclass_wrappers_test pyNetAddrTest.test_ipv6_strinit ... ok in 0.05s
tests.cclass_wrappers_test pyNetAddrTest.test_mixed_eq ... ok in 0.00s
tests.cclass_wrappers_test pyNetAddrTest.test_mixed_hash ... ok in 0.00s
tests.cclass_wrappers_test pyNetAddrTest.test_toIPv6 ... ok in 0.00s
tests.store_test TestCreateOps.test_drone ... .ok in 0.43s
tests.store_test TestCreateOps.test_nic ... ok in 0.84s
tests.store_test TestCreateOps.test_person ... .ok in 0.44s
tests.store_test TestCreateOps.test_system ... ok in 0.43s
tests.cclass_wrappers_test pyAddrFrameTest.test_constructor ... ok in 0.00s
tests.cclass_wrappers_test pySeqnoFrameTest.test_constructor ... ok in 0.00s
tests.cclass_wrappers_test pySeqnoFrameTest.test_equal ... ok in 0.00s
tests.cclass_wrappers_test pySeqnoFrameTest.test_qid ... ok in 0.00s
tests.cclass_wrappers_test pySeqnoFrameTest.test_reqid ... ok in 0.00s
tests.cclass_wrappers_test pyIpPortFrameTest2.test_constructor ... ok in 0.00s
tests.zexternaltests TestExternal.test_discovery_tests ... /tmp/606.testout:14:88: Warning: Using an empty string "" as an object key may not be portable
   |  At line 14, column 88, offset 1242
   |  Object started at line 14, column 87, offset 1241
/tmp/606.testout:15:81: Warning: Using an empty string "" as an object key may not be portable
   |  At line 15, column 81, offset 1334
   |  Object started at line 15, column 80, offset 1333
/tmp/606.testout:16:87: Warning: Using an empty string "" as an object key may not be portable
   |  At line 16, column 87, offset 1432
   |  Object started at line 16, column 86, offset 1431
/tmp/606.testout:17:102: Warning: Using an empty string "" as an object key may not be portable
   |  At line 17, column 102, offset 1545
   |  Object started at line 17, column 101, offset 1544
/tmp/606.testout:18:83: Warning: Using an empty string "" as an object key may not be portable
   |  At line 18, column 83, offset 1639
   |  Object started at line 18, column 82, offset 1638
/tmp/606.testout:19:113: Warning: Using an empty string "" as an object key may not be portable
   |  At line 19, column 113, offset 1763
   |  Object started at line 19, column 112, offset 1762
/tmp/606.testout: ok, with warnings
Discovery findmnt produced invalid JSON - output follows
{
  "discovertype": "findmnt",
  "description": "current mounts from the (Linux-only) findmnt command",
  "host": "FAKETESTHOST",
  "source": "../../discovery_agents/findmnt",
  "data": {
    "/sys": {"source":"sysfs", "fstype":"sysfs", "options":{"rw":true, "nosuid":true, "nodev":true, "noexec":true, "relatime":true}},
    "/proc": {"source":"proc", "fstype":"proc", "options":{"rw":true, "nosuid":true, "nodev":true, "noexec":true, "relatime":true}},
    "/dev": {"source":"udev", "fstype":"devtmpfs", "options":{"rw":true, "relatime":true, "size":"1852824k", "nr_inodes":463206, "mode":493}},
    "/dev/pts": {"source":"devpts", "fstype":"devpts", "options":{"rw":true, "nosuid":true, "noexec":true, "relatime":true, "gid":5, "mode":400, "ptmxmode":0}},
    "/run": {"source":"tmpfs", "fstype":"tmpfs", "options":{"rw":true, "nosuid":true, "noexec":true, "relatime":true, "size":"379120k", "mode":493}},
    "/": {"source":"/dev/md126", "fstype":"ext4", "options":{"rw":true, "relatime":true, "errors":"remount-ro", "data":"ordered"}},
    "/sys/fs/cgroup": {"source":"cgroup", "fstype":"tmpfs", "options":{"rw":true, "relatime":true, "mode":493}},
    "/sys/fs/fuse/connections": {"source":"fusectl", "fstype":"rw,relatime", "options":{"":true}},
    "/sys/kernel/debug": {"source":"debugfs", "fstype":"rw,relatime", "options":{"":true}},
    "/sys/kernel/security": {"source":"securityfs", "fstype":"rw,relatime", "options":{"":true}},
    "/run/lock": {"source":"tmpfs", "fstype":"rw,nosuid,nodev,noexec,relatime,size=5120k", "options":{"":true}},
    "/run/shm": {"source":"tmpfs", "fstype":"rw,nosuid,nodev,relatime", "options":{"":true}},
    "/run/user": {"source":"tmpfs", "fstype":"rw,nosuid,nodev,noexec,relatime,size=102400k,mode=755", "options":{"":true}},
    "/sys/fs/cgroup/cpuset": {"source":"cgroup", "fstype":"cgroup", "options":{"rw":true, "relatime":true, "cpuset":true}},
    "/sys/fs/cgroup/cpu": {"source":"cgroup", "fstype":"cgroup", "options":{"rw":true, "relatime":true, "cpu":true}},
    "/sys/fs/cgroup/cpuacct": {"source":"cgroup", "fstype":"cgroup", "options":{"rw":true, "relatime":true, "cpuacct":true}},
    "/sys/fs/cgroup/memory": {"source":"cgroup", "fstype":"cgroup", "options":{"rw":true, "relatime":true, "memory":true}},
    "/sys/fs/cgroup/devices": {"source":"cgroup", "fstype":"cgroup", "options":{"rw":true, "relatime":true, "devices":true}},
    "/sys/fs/cgroup/freezer": {"source":"cgroup", "fstype":"cgroup", "options":{"rw":true, "relatime":true, "freezer":true}},
    "/sys/fs/cgroup/blkio": {"source":"cgroup", "fstype":"cgroup", "options":{"rw":true, "relatime":true, "blkio":true}},
    "/sys/fs/cgroup/perf_event": {"source":"cgroup", "fstype":"cgroup", "options":{"rw":true, "relatime":true, "perf_event":true, "release_agent":"/run/cgmanager/agents/cgm-release-agent.perf_event"}},
    "/boot": {"source":"/dev/md124", "fstype":"ext2", "options":{"rw":true, "relatime":true, "errors":"continue"}},
    "/run/rpc_pipefs": {"source":"rpc_pipefs", "fstype":"rpc_pipefs", "options":{"rw":true, "relatime":true}},
    "/drbd1": {"source":"/dev/drbd1", "fstype":"ext4", "options":{"rw":true, "relatime":true, "data":"ordered"}},
    "/home2": {"source":"/dev/drbd0", "fstype":"ext4", "options":{"rw":true, "relatime":true, "data":"ordered"}},
    "/proc/fs/nfsd": {"source":"nfsd", "fstype":"nfsd", "options":{"rw":true, "relatime":true}},
    "/sys/fs/cgroup/net_prio": {"source":"cgroup", "fstype":"cgroup", "options":{"rw":true, "relatime":true, "net_prio":true}},
    "/sys/fs/cgroup/hugetlb": {"source":"cgroup", "fstype":"cgroup", "options":{"rw":true, "relatime":true, "hugetlb":true, "release_agent":"/run/cgmanager/agents/cgm-release-agent.hugetlb"}},
    "/proc/sys/fs/binfmt_misc": {"source":"binfmt_misc", "fstype":"binfmt_misc", "options":{"rw":true, "nosuid":true, "nodev":true, "noexec":true, "relatime":true}},
    "/var/lib/docker/aufs": {"source":"/dev/sda1[/var/lib/docker/aufs]", "fstype":"ext4", "options":{"rw":true, "relatime":true, "errors":"remount-ro", "data":"ordered"}},
    "/home": {"source":"10.10.10.21:/home", "fstype":"nfs", "options":{"rw":true, "nodev":true, "relatime":true, "vers":3, "rsize":8192, "wsize":8192, "namlen":255, "acregmin":120, "acregmax":120, "acdirmin":120, "acdirmax":120, "hard":true, "nolock":true, "proto":"udp", "timeo":11, "retrans":3, "sec":"sys", "mountaddr":"10.10.10.21", "mountvers":3, "mountport":44110, "mountproto":"udp", "local_lock":"all", "addr":"10.10.10.21"}},
    "/sys/fs/cgroup/systemd": {"source":"systemd", "fstype":"cgroup", "options":{"rw":true, "nosuid":true, "nodev":true, "noexec":true, "relatime":true, "release_agent":"/run/cgmanager/agents/cgm-release-agent.systemd", "name":"systemd"}}
  }
}
.Discovery test login_defs succeeded.
Discovery test mdadm succeeded.
Discovery test nsswitch succeeded.
Discovery test pam succeeded.
/tmp/606.testout:7:56: Error: Line terminator characters must be escaped inside string literals: 'U+000A'
   |  At line 7, column 56, offset 237
   |  String started at line 7, column 53, offset 234
/tmp/606.testout:7:53: Error: Values must be separated by a comma
   |  At line 7, column 53, offset 234
   |  Object started at line 7, column 11, offset 192
/tmp/606.testout:7:53: Error: Missing value for object property, expected ":"
   |  At line 7, column 53, offset 234
   |  Object started at line 7, column 11, offset 192
/tmp/606.testout:8:6: Error: Unknown identifier: u'da1'
   |  At line 8, column 6, offset 244
/tmp/606.testout:8:9: Error: Values must be separated by a comma
   |  At line 8, column 9, offset 247
   |  Object started at line 7, column 11, offset 192
/tmp/606.testout:8:9: Error: Missing value for object property, expected ":"
   |  At line 8, column 9, offset 247
   |  Object started at line 7, column 11, offset 192
/tmp/606.testout:8:15: Error: Unknown identifier: u'ajor'
   |  At line 8, column 15, offset 253
/tmp/606.testout:8:19: Error: Values must be separated by a comma
   |  At line 8, column 19, offset 257
   |  Object started at line 7, column 11, offset 192
/tmp/606.testout:8:19: Error: Missing value for object property, expected ":"
   |  At line 8, column 19, offset 257
   |  Object started at line 7, column 11, offset 192
/tmp/606.testout:8:26: Error: Unknown identifier: u'inor'
   |  At line 8, column 26, offset 264
/tmp/606.testout:8:30: Error: Values must be separated by a comma
   |  At line 8, column 30, offset 268
   |  Object started at line 7, column 11, offset 192
/tmp/606.testout:8:30: Error: Missing value for object property, expected ":"
   |  At line 8, column 30, offset 268
   |  Object started at line 7, column 11, offset 192
/tmp/606.testout:8:37: Error: Unknown identifier: u'locks'
   |  At line 8, column 37, offset 275
/tmp/606.testout:8:42: Error: Values must be separated by a comma
   |  At line 8, column 42, offset 280
   |  Object started at line 7, column 11, offset 192
/tmp/606.testout:8:42: Error: Missing value for object property, expected ":"
   |  At line 8, column 42, offset 280
   |  Object started at line 7, column 11, offset 192
/tmp/606.testout:8:54: Error: Can not decode value starting with character u','
   |  At line 8, column 54, offset 292
/tmp/606.testout:9:4: Info: Recovering parsing after character u'\n'
   |  At line 9, column 4, offset 298
/tmp/606.testout:9:4: Error: Values must be separated by a comma
   |  At line 9, column 4, offset 298
   |  Object started at line 7, column 11, offset 192
/tmp/606.testout:9:54: Error: Line terminator characters must be escaped inside string literals: 'U+000A'
   |  At line 9, column 54, offset 348
   |  String started at line 9, column 51, offset 345
/tmp/606.testout:9:51: Error: Values must be separated by a comma
   |  At line 9, column 51, offset 345
   |  Object started at line 9, column 12, offset 306
/tmp/606.testout:9:51: Error: Missing value for object property, expected ":"
   |  At line 9, column 51, offset 345
   |  Object started at line 9, column 12, offset 306
/tmp/606.testout:10:6: Error: Unknown identifier: u'da3'
   |  At line 10, column 6, offset 355
/tmp/606.testout:10:9: Error: Values must be separated by a comma
   |  At line 10, column 9, offset 358
   |  Object started at line 9, column 12, offset 306
/tmp/606.testout:10:9: Error: Missing value for object property, expected ":"
   |  At line 10, column 9, offset 358
   |  Object started at line 9, column 12, offset 306
/tmp/606.testout:10:15: Error: Unknown identifier: u'ajor'
   |  At line 10, column 15, offset 364
/tmp/606.testout:10:19: Error: Values must be separated by a comma
   |  At line 10, column 19, offset 368
   |  Object started at line 9, column 12, offset 306
/tmp/606.testout:10:19: Error: Missing value for object property, expected ":"
   |  At line 10, column 19, offset 368
   |  Object started at line 9, column 12, offset 306
/tmp/606.testout:10:26: Error: Unknown identifier: u'inor'
   |  At line 10, column 26, offset 375
/tmp/606.testout:10:30: Error: Values must be separated by a comma
   |  At line 10, column 30, offset 379
   |  Object started at line 9, column 12, offset 306
/tmp/606.testout:10:30: Error: Missing value for object property, expected ":"
   |  At line 10, column 30, offset 379
   |  Object started at line 9, column 12, offset 306
/tmp/606.testout:10:37: Error: Unknown identifier: u'locks'
   |  At line 10, column 37, offset 386
/tmp/606.testout:10:42: Error: Values must be separated by a comma
   |  At line 10, column 42, offset 391
   |  Object started at line 9, column 12, offset 306
/tmp/606.testout:10:42: Error: Missing value for object property, expected ":"
   |  At line 10, column 42, offset 391
   |  Object started at line 9, column 12, offset 306
/tmp/606.testout:10:56: Error: Can not decode value starting with character u','
   |  At line 10, column 56, offset 405
/tmp/606.testout:11:4: Info: Recovering parsing after character u'\n'
   |  At line 11, column 4, offset 411
/tmp/606.testout:11:4: Error: Values must be separated by a comma
   |  At line 11, column 4, offset 411
   |  Object started at line 9, column 12, offset 306
/tmp/606.testout:11:57: Error: Line terminator characters must be escaped inside string literals: 'U+000A'
   |  At line 11, column 57, offset 464
   |  String started at line 11, column 54, offset 461
/tmp/606.testout:11:54: Error: Values must be separated by a comma
   |  At line 11, column 54, offset 461
   |  Object started at line 11, column 12, offset 419
/tmp/606.testout:11:54: Error: Missing value for object property, expected ":"
   |  At line 11, column 54, offset 461
   |  Object started at line 11, column 12, offset 419
/tmp/606.testout:12:6: Error: Unknown identifier: u'db'
   |  At line 12, column 6, offset 471
/tmp/606.testout:12:8: Error: Values must be separated by a comma
   |  At line 12, column 8, offset 473
   |  Object started at line 11, column 12, offset 419
/tmp/606.testout:12:8: Error: Missing value for object property, expected ":"
   |  At line 12, column 8, offset 473
   |  Object started at line 11, column 12, offset 419
/tmp/606.testout:12:14: Error: Unknown identifier: u'ajor'
   |  At line 12, column 14, offset 479
/tmp/606.testout:12:18: Error: Values must be separated by a comma
   |  At line 12, column 18, offset 483
   |  Object started at line 11, column 12, offset 419
/tmp/606.testout:12:18: Error: Missing value for object property, expected ":"
   |  At line 12, column 18, offset 483
   |  Object started at line 11, column 12, offset 419
/tmp/606.testout:12:25: Error: Unknown identifier: u'inor'
   |  At line 12, column 25, offset 490
/tmp/606.testout:12:29: Error: Values must be separated by a comma
   |  At line 12, column 29, offset 494
   |  Object started at line 11, column 12, offset 419
/tmp/606.testout:12:29: Error: Missing value for object property, expected ":"
   |  At line 12, column 29, offset 494
   |  Object started at line 11, column 12, offset 419
/tmp/606.testout:12:37: Error: Unknown identifier: u'locks'
   |  At line 12, column 37, offset 502
/tmp/606.testout:12:42: Error: Values must be separated by a comma
   |  At line 12, column 42, offset 507
   |  Object started at line 11, column 12, offset 419
/tmp/606.testout:12:42: Error: Missing value for object property, expected ":"
   |  At line 12, column 42, offset 507
   |  Object started at line 11, column 12, offset 419
/tmp/606.testout:12:56: Error: Can not decode value starting with character u','
   |  At line 12, column 56, offset 521
/tmp/606.testout:13:4: Info: Recovering parsing after character u'\n'
   |  At line 13, column 4, offset 527
/tmp/606.testout:13:4: Error: Values must be separated by a comma
   |  At line 13, column 4, offset 527
   |  Object started at line 11, column 12, offset 419
/tmp/606.testout:13:56: Error: Line terminator characters must be escaped inside string literals: 'U+000A'
   |  At line 13, column 56, offset 579
   |  String started at line 13, column 53, offset 576
/tmp/606.testout:13:53: Error: Values must be separated by a comma
   |  At line 13, column 53, offset 576
   |  Object started at line 13, column 12, offset 535
/tmp/606.testout:13:53: Error: Missing value for object property, expected ":"
   |  At line 13, column 53, offset 576
   |  Object started at line 13, column 12, offset 535
/tmp/606.testout:14:6: Error: Unknown identifier: u'db2'
   |  At line 14, column 6, offset 586
/tmp/606.testout:14:9: Error: Values must be separated by a comma
   |  At line 14, column 9, offset 589
   |  Object started at line 13, column 12, offset 535
/tmp/606.testout:14:9: Error: Missing value for object property, expected ":"
   |  At line 14, column 9, offset 589
   |  Object started at line 13, column 12, offset 535
/tmp/606.testout:14:15: Error: Unknown identifier: u'ajor'
   |  At line 14, column 15, offset 595
/tmp/606.testout:14:19: Error: Values must be separated by a comma
   |  At line 14, column 19, offset 599
   |  Object started at line 13, column 12, offset 535
/tmp/606.testout:14:19: Error: Missing value for object property, expected ":"
   |  At line 14, column 19, offset 599
   |  Object started at line 13, column 12, offset 535
/tmp/606.testout:14:26: Error: Unknown identifier: u'inor'
   |  At line 14, column 26, offset 606
/tmp/606.testout:14:30: Error: Values must be separated by a comma
   |  At line 14, column 30, offset 610
   |  Object started at line 13, column 12, offset 535
/tmp/606.testout:14:30: Error: Missing value for object property, expected ":"
   |  At line 14, column 30, offset 610
   |  Object started at line 13, column 12, offset 535
/tmp/606.testout:14:38: Error: Unknown identifier: u'locks'
   |  At line 14, column 38, offset 618
/tmp/606.testout:14:43: Error: Values must be separated by a comma
   |  At line 14, column 43, offset 623
   |  Object started at line 13, column 12, offset 535
/tmp/606.testout:14:43: Error: Missing value for object property, expected ":"
   |  At line 14, column 43, offset 623
   |  Object started at line 13, column 12, offset 535
/tmp/606.testout:14:54: Error: Can not decode value starting with character u','
   |  At line 14, column 54, offset 634
/tmp/606.testout:15:4: Info: Recovering parsing after character u'\n'
   |  At line 15, column 4, offset 640
/tmp/606.testout:15:4: Error: Values must be separated by a comma
   |  At line 15, column 4, offset 640
   |  Object started at line 13, column 12, offset 535
/tmp/606.testout:15:58: Error: Line terminator characters must be escaped inside string literals: 'U+000A'
   |  At line 15, column 58, offset 694
   |  String started at line 15, column 55, offset 691
/tmp/606.testout:15:55: Error: Values must be separated by a comma
   |  At line 15, column 55, offset 691
   |  Object started at line 15, column 12, offset 648
/tmp/606.testout:15:55: Error: Missing value for object property, expected ":"
   |  At line 15, column 55, offset 691
   |  Object started at line 15, column 12, offset 648
/tmp/606.testout:16:6: Error: Unknown identifier: u'db4'
   |  At line 16, column 6, offset 701
/tmp/606.testout:16:9: Error: Values must be separated by a comma
   |  At line 16, column 9, offset 704
   |  Object started at line 15, column 12, offset 648
/tmp/606.testout:16:9: Error: Missing value for object property, expected ":"
   |  At line 16, column 9, offset 704
   |  Object started at line 15, column 12, offset 648
/tmp/606.testout:16:15: Error: Unknown identifier: u'ajor'
   |  At line 16, column 15, offset 710
/tmp/606.testout:16:19: Error: Values must be separated by a comma
   |  At line 16, column 19, offset 714
   |  Object started at line 15, column 12, offset 648
/tmp/606.testout:16:19: Error: Missing value for object property, expected ":"
   |  At line 16, column 19, offset 714
   |  Object started at line 15, column 12, offset 648
/tmp/606.testout:16:26: Error: Unknown identifier: u'inor'
   |  At line 16, column 26, offset 721
/tmp/606.testout:16:30: Error: Values must be separated by a comma
   |  At line 16, column 30, offset 725
   |  Object started at line 15, column 12, offset 648
/tmp/606.testout:16:30: Error: Missing value for object property, expected ":"
   |  At line 16, column 30, offset 725
   |  Object started at line 15, column 12, offset 648
/tmp/606.testout:16:38: Error: Unknown identifier: u'locks'
   |  At line 16, column 38, offset 733
/tmp/606.testout:16:43: Error: Values must be separated by a comma
   |  At line 16, column 43, offset 738
   |  Object started at line 15, column 12, offset 648
/tmp/606.testout:16:43: Error: Missing value for object property, expected ":"
   |  At line 16, column 43, offset 738
   |  Object started at line 15, column 12, offset 648
/tmp/606.testout:16:57: Error: Can not decode value starting with character u','
   |  At line 16, column 57, offset 752
/tmp/606.testout:17:4: Info: Recovering parsing after character u'\n'
   |  At line 17, column 4, offset 758
/tmp/606.testout:17:4: Error: Values must be separated by a comma
   |  At line 17, column 4, offset 758
   |  Object started at line 15, column 12, offset 648
/tmp/606.testout:17:58: Error: Line terminator characters must be escaped inside string literals: 'U+000A'
   |  At line 17, column 58, offset 812
   |  String started at line 17, column 55, offset 809
/tmp/606.testout:17:55: Error: Values must be separated by a comma
   |  At line 17, column 55, offset 809
   |  Object started at line 17, column 11, offset 765
/tmp/606.testout:17:55: Error: Missing value for object property, expected ":"
   |  At line 17, column 55, offset 809
   |  Object started at line 17, column 11, offset 765
/tmp/606.testout:18:6: Error: Unknown identifier: u'dc1'
   |  At line 18, column 6, offset 819
/tmp/606.testout:18:9: Error: Values must be separated by a comma
   |  At line 18, column 9, offset 822
   |  Object started at line 17, column 11, offset 765
/tmp/606.testout:18:9: Error: Missing value for object property, expected ":"
   |  At line 18, column 9, offset 822
   |  Object started at line 17, column 11, offset 765
/tmp/606.testout:18:15: Error: Unknown identifier: u'ajor'
   |  At line 18, column 15, offset 828
/tmp/606.testout:18:19: Error: Values must be separated by a comma
   |  At line 18, column 19, offset 832
   |  Object started at line 17, column 11, offset 765
/tmp/606.testout:18:19: Error: Missing value for object property, expected ":"
   |  At line 18, column 19, offset 832
   |  Object started at line 17, column 11, offset 765
/tmp/606.testout:18:26: Error: Unknown identifier: u'inor'
   |  At line 18, column 26, offset 839
/tmp/606.testout:18:30: Error: Values must be separated by a comma
   |  At line 18, column 30, offset 843
   |  Object started at line 17, column 11, offset 765
/tmp/606.testout:18:30: Error: Missing value for object property, expected ":"
   |  At line 18, column 30, offset 843
   |  Object started at line 17, column 11, offset 765
/tmp/606.testout:18:38: Error: Unknown identifier: u'locks'
   |  At line 18, column 38, offset 851
/tmp/606.testout:18:43: Error: Values must be separated by a comma
   |  At line 18, column 43, offset 856
   |  Object started at line 17, column 11, offset 765
/tmp/606.testout:18:43: Error: Missing value for object property, expected ":"
   |  At line 18, column 43, offset 856
   |  Object started at line 17, column 11, offset 765
/tmp/606.testout:18:58: Error: Can not decode value starting with character u','
   |  At line 18, column 58, offset 871
/tmp/606.testout:19:4: Info: Recovering parsing after character u'\n'
   |  At line 19, column 4, offset 877
/tmp/606.testout:19:4: Error: Values must be separated by a comma
   |  At line 19, column 4, offset 877
   |  Object started at line 17, column 11, offset 765
/tmp/606.testout:19:58: Error: Line terminator characters must be escaped inside string literals: 'U+000A'
   |  At line 19, column 58, offset 931
   |  String started at line 19, column 55, offset 928
/tmp/606.testout:19:55: Error: Values must be separated by a comma
   |  At line 19, column 55, offset 928
   |  Object started at line 19, column 11, offset 884
/tmp/606.testout:19:55: Error: Missing value for object property, expected ":"
   |  At line 19, column 55, offset 928
   |  Object started at line 19, column 11, offset 884
/tmp/606.testout:20:6: Error: Unknown identifier: u'dd1'
   |  At line 20, column 6, offset 938
/tmp/606.testout:20:9: Error: Values must be separated by a comma
   |  At line 20, column 9, offset 941
   |  Object started at line 19, column 11, offset 884
/tmp/606.testout:20:9: Error: Missing value for object property, expected ":"
   |  At line 20, column 9, offset 941
   |  Object started at line 19, column 11, offset 884
/tmp/606.testout:20:15: Error: Unknown identifier: u'ajor'
   |  At line 20, column 15, offset 947
/tmp/606.testout:20:19: Error: Values must be separated by a comma
   |  At line 20, column 19, offset 951
   |  Object started at line 19, column 11, offset 884
/tmp/606.testout:20:19: Error: Missing value for object property, expected ":"
   |  At line 20, column 19, offset 951
   |  Object started at line 19, column 11, offset 884
/tmp/606.testout:20:26: Error: Unknown identifier: u'inor'
   |  At line 20, column 26, offset 958
/tmp/606.testout:20:30: Error: Values must be separated by a comma
   |  At line 20, column 30, offset 962
   |  Object started at line 19, column 11, offset 884
/tmp/606.testout:20:30: Error: Missing value for object property, expected ":"
   |  At line 20, column 30, offset 962
   |  Object started at line 19, column 11, offset 884
/tmp/606.testout:20:38: Error: Unknown identifier: u'locks'
   |  At line 20, column 38, offset 970
/tmp/606.testout:20:43: Error: Values must be separated by a comma
   |  At line 20, column 43, offset 975
   |  Object started at line 19, column 11, offset 884
/tmp/606.testout:20:43: Error: Missing value for object property, expected ":"
   |  At line 20, column 43, offset 975
   |  Object started at line 19, column 11, offset 884
/tmp/606.testout:20:58: Error: Can not decode value starting with character u','
   |  At line 20, column 58, offset 990
/tmp/606.testout:21:4: Info: Recovering parsing after character u'\n'
   |  At line 21, column 4, offset 996
/tmp/606.testout:21:4: Error: Values must be separated by a comma
   |  At line 21, column 4, offset 996
   |  Object started at line 19, column 11, offset 884
/tmp/606.testout:21:57: Error: Line terminator characters must be escaped inside string literals: 'U+000A'
   |  At line 21, column 57, offset 1049
   |  String started at line 21, column 54, offset 1046
/tmp/606.testout:21:54: Error: Values must be separated by a comma
   |  At line 21, column 54, offset 1046
   |  Object started at line 21, column 13, offset 1005
/tmp/606.testout:21:54: Error: Missing value for object property, expected ":"
   |  At line 21, column 54, offset 1046
   |  Object started at line 21, column 13, offset 1005
/tmp/606.testout:22:6: Error: Unknown identifier: u'd125'
   |  At line 22, column 6, offset 1056
/tmp/606.testout:22:10: Error: Values must be separated by a comma
   |  At line 22, column 10, offset 1060
   |  Object started at line 21, column 13, offset 1005
/tmp/606.testout:22:10: Error: Missing value for object property, expected ":"
   |  At line 22, column 10, offset 1060
   |  Object started at line 21, column 13, offset 1005
/tmp/606.testout:22:16: Error: Unknown identifier: u'ajor'
   |  At line 22, column 16, offset 1066
/tmp/606.testout:22:20: Error: Values must be separated by a comma
   |  At line 22, column 20, offset 1070
   |  Object started at line 21, column 13, offset 1005
/tmp/606.testout:22:20: Error: Missing value for object property, expected ":"
   |  At line 22, column 20, offset 1070
   |  Object started at line 21, column 13, offset 1005
/tmp/606.testout:22:27: Error: Unknown identifier: u'inor'
   |  At line 22, column 27, offset 1077
/tmp/606.testout:22:31: Error: Values must be separated by a comma
   |  At line 22, column 31, offset 1081
   |  Object started at line 21, column 13, offset 1005
/tmp/606.testout:22:31: Error: Missing value for object property, expected ":"
   |  At line 22, column 31, offset 1081
   |  Object started at line 21, column 13, offset 1005
/tmp/606.testout:22:40: Error: Unknown identifier: u'locks'
   |  At line 22, column 40, offset 1090
/tmp/606.testout:22:45: Error: Values must be separated by a comma
   |  At line 22, column 45, offset 1095
   |  Object started at line 21, column 13, offset 1005
/tmp/606.testout:22:45: Error: Missing value for object property, expected ":"
   |  At line 22, column 45, offset 1095
   |  Object started at line 21, column 13, offset 1005
/tmp/606.testout:22:59: Error: Can not decode value starting with character u','
   |  At line 22, column 59, offset 1109
/tmp/606.testout:23:4: Info: Recovering parsing after character u'\n'
   |  At line 23, column 4, offset 1115
/tmp/606.testout:23:4: Error: Values must be separated by a comma
   |  At line 23, column 4, offset 1115
   |  Object started at line 21, column 13, offset 1005
/tmp/606.testout:23:60: Error: Line terminator characters must be escaped inside string literals: 'U+000A'
   |  At line 23, column 60, offset 1171
   |  String started at line 23, column 57, offset 1168
/tmp/606.testout:23:57: Error: Values must be separated by a comma
   |  At line 23, column 57, offset 1168
   |  Object started at line 23, column 13, offset 1124
/tmp/606.testout:23:57: Error: Missing value for object property, expected ":"
   |  At line 23, column 57, offset 1168
   |  Object started at line 23, column 13, offset 1124
/tmp/606.testout:24:6: Error: Unknown identifier: u'd127'
   |  At line 24, column 6, offset 1178
/tmp/606.testout:24:10: Error: Values must be separated by a comma
   |  At line 24, column 10, offset 1182
   |  Object started at line 23, column 13, offset 1124
/tmp/606.testout:24:10: Error: Missing value for object property, expected ":"
   |  At line 24, column 10, offset 1182
   |  Object started at line 23, column 13, offset 1124
/tmp/606.testout:24:16: Error: Unknown identifier: u'ajor'
   |  At line 24, column 16, offset 1188
/tmp/606.testout:24:20: Error: Values must be separated by a comma
   |  At line 24, column 20, offset 1192
   |  Object started at line 23, column 13, offset 1124
/tmp/606.testout:24:20: Error: Missing value for object property, expected ":"
   |  At line 24, column 20, offset 1192
   |  Object started at line 23, column 13, offset 1124
/tmp/606.testout:24:27: Error: Unknown identifier: u'inor'
   |  At line 24, column 27, offset 1199
/tmp/606.testout:24:31: Error: Values must be separated by a comma
   |  At line 24, column 31, offset 1203
   |  Object started at line 23, column 13, offset 1124
/tmp/606.testout:24:31: Error: Missing value for object property, expected ":"
   |  At line 24, column 31, offset 1203
   |  Object started at line 23, column 13, offset 1124
/tmp/606.testout:24:40: Error: Unknown identifier: u'locks'
   |  At line 24, column 40, offset 1212
/tmp/606.testout:24:45: Error: Values must be separated by a comma
   |  At line 24, column 45, offset 1217
   |  Object started at line 23, column 13, offset 1124
/tmp/606.testout:24:45: Error: Missing value for object property, expected ":"
   |  At line 24, column 45, offset 1217
   |  Object started at line 23, column 13, offset 1124
/tmp/606.testout:24:60: Error: Can not decode value starting with character u','
   |  At line 24, column 60, offset 1232
/tmp/606.testout:25:4: Info: Recovering parsing after character u'\n'
   |  At line 25, column 4, offset 1238
/tmp/606.testout:25:4: Error: Values must be separated by a comma
   |  At line 25, column 4, offset 1238
   |  Object started at line 23, column 13, offset 1124
/tmp/606.testout:25:61: Error: Line terminator characters must be escaped inside string literals: 'U+000A'
   |  At line 25, column 61, offset 1295
   |  String started at line 25, column 58, offset 1292
/tmp/606.testout:25:58: Error: Values must be separated by a comma
   |  At line 25, column 58, offset 1292
   |  Object started at line 25, column 13, offset 1247
/tmp/606.testout:25:58: Error: Missing value for object property, expected ":"
   |  At line 25, column 58, offset 1292
   |  Object started at line 25, column 13, offset 1247
/tmp/606.testout:26:6: Error: Unknown identifier: u'rbd1'
   |  At line 26, column 6, offset 1302
/tmp/606.testout:26:10: Error: Values must be separated by a comma
   |  At line 26, column 10, offset 1306
   |  Object started at line 25, column 13, offset 1247
/tmp/606.testout:26:10: Error: Missing value for object property, expected ":"
   |  At line 26, column 10, offset 1306
   |  Object started at line 25, column 13, offset 1247
/tmp/606.testout:26:16: Error: Unknown identifier: u'ajor'
   |  At line 26, column 16, offset 1312
/tmp/606.testout:26:20: Error: Values must be separated by a comma
   |  At line 26, column 20, offset 1316
   |  Object started at line 25, column 13, offset 1247
/tmp/606.testout:26:20: Error: Missing value for object property, expected ":"
   |  At line 26, column 20, offset 1316
   |  Object started at line 25, column 13, offset 1247
/tmp/606.testout:26:29: Error: Unknown identifier: u'inor'
   |  At line 26, column 29, offset 1325
/tmp/606.testout:26:33: Error: Values must be separated by a comma
   |  At line 26, column 33, offset 1329
   |  Object started at line 25, column 13, offset 1247
/tmp/606.testout:26:33: Error: Missing value for object property, expected ":"
   |  At line 26, column 33, offset 1329
   |  Object started at line 25, column 13, offset 1247
/tmp/606.testout:26:40: Error: Unknown identifier: u'locks'
   |  At line 26, column 40, offset 1336
/tmp/606.testout:26:45: Error: Values must be separated by a comma
   |  At line 26, column 45, offset 1341
   |  Object started at line 25, column 13, offset 1247
/tmp/606.testout:26:45: Error: Missing value for object property, expected ":"
   |  At line 26, column 45, offset 1341
   |  Object started at line 25, column 13, offset 1247
/tmp/606.testout:27:2: Error: Can not decode value starting with character u'}'
   |  At line 27, column 2, offset 1358
/tmp/606.testout:28:0: Info: Recovering parsing after character u'\n'
   |  At line 28, column 0, offset 1360
/tmp/606.testout:29:0: Error: Object literal (dictionary) is not terminated
   |  At line 29, column 0, offset 1362 (AT-END)
   |    near text: True
   |  Object started at line 23, column 13, offset 1124
/tmp/606.testout:29:0: Error: Object literal (dictionary) is not terminated
   |  At line 29, column 0, offset 1362 (AT-END)
   |    near text: True
   |  Object started at line 21, column 13, offset 1005
/tmp/606.testout:29:0: Error: Object literal (dictionary) is not terminated
   |  At line 29, column 0, offset 1362 (AT-END)
   |    near text: True
   |  Object started at line 19, column 11, offset 884
/tmp/606.testout:29:0: Error: Object literal (dictionary) is not terminated
   |  At line 29, column 0, offset 1362 (AT-END)
   |    near text: True
   |  Object started at line 17, column 11, offset 765
/tmp/606.testout:29:0: Error: Object literal (dictionary) is not terminated
   |  At line 29, column 0, offset 1362 (AT-END)
   |    near text: True
   |  Object started at line 15, column 12, offset 648
/tmp/606.testout:29:0: Error: Object literal (dictionary) is not terminated
   |  At line 29, column 0, offset 1362 (AT-END)
   |    near text: True
   |  Object started at line 13, column 12, offset 535
/tmp/606.testout:29:0: Error: Object literal (dictionary) is not terminated
   |  At line 29, column 0, offset 1362 (AT-END)
   |    near text: True
   |  Object started at line 11, column 12, offset 419
/tmp/606.testout:29:0: Error: Object literal (dictionary) is not terminated
   |  At line 29, column 0, offset 1362 (AT-END)
   |    near text: True
   |  Object started at line 9, column 12, offset 306
/tmp/606.testout:29:0: Error: Object literal (dictionary) is not terminated
   |  At line 29, column 0, offset 1362 (AT-END)
   |    near text: True
   |  Object started at line 7, column 11, offset 192
/tmp/606.testout:29:0: Error: Object literal (dictionary) is not terminated
   |  At line 29, column 0, offset 1362 (AT-END)
   |    near text: True
   |  Object started at line 6, column 10, offset 179
/tmp/606.testout:29:0: Error: Object literal (dictionary) is not terminated
   |  At line 29, column 0, offset 1362 (AT-END)
   |    near text: True
   |  Object started at line 1, column 0, offset 0 (AT-START)
/tmp/606.testout: has errors
Discovery partitions produced invalid JSON - output follows
{
  "discovertype": "partitions",
  "description": "partition configuration from partitions",
  "host": "FAKETESTHOST",
  "source": "../../discovery_agents/partitions",
  "data": {
    "sda": {"major":8, "minor":0, "blocks": 976762584"},
    "sda1": {"major":8, "minor":1, "blocks": 3905536"},
    "sda2": {"major":8, "minor":2, "blocks": 487424"},
    "sda3": {"major":8, "minor":3, "blocks": 195312640"},
    "sda4": {"major":8, "minor":4, "blocks": 777055232"},
    "sdb": {"major":8, "minor":16, "blocks": 976762584"},
    "sdb1": {"major":8, "minor":17, "blocks": 3905536"},
    "sdb2": {"major":8, "minor":18, "blocks": 487424"},
    "sdb3": {"major":8, "minor":19, "blocks": 195312640"},
    "sdb4": {"major":8, "minor":20, "blocks": 777055232"},
    "sdc": {"major":8, "minor":32, "blocks": 2930266584"},
    "sdc1": {"major":8, "minor":33, "blocks": 2930265088"},
    "sdd": {"major":8, "minor":48, "blocks": 2930266584"},
    "sdd1": {"major":8, "minor":49, "blocks": 2930265088"},
    "md124": {"major":9, "minor":124, "blocks": 487104"},
    "md125": {"major":9, "minor":125, "blocks": 195181440"},
    "md126": {"major":9, "minor":126, "blocks": 776923968"},
    "md127": {"major":9, "minor":127, "blocks": 2930133824"},
    "drbd0": {"major":147, "minor":0, "blocks": 2930044364"},
    "drbd1": {"major":147, "minor":1, "blocks": 195175444"}
  }
}
Discovery test sshd succeeded.

******RUNNING TEST COMMAND ['test_discovery.sh']
error: tests.zexternaltests TestExternal.test_discovery_tests
Traceback (most recent call last):
  File "./tests/zexternaltests.py", line 93, in test_discovery_tests
    self.runacommand(['test_discovery.sh',],sudo=False)
  File "./tests/zexternaltests.py", line 73, in runacommand
    subprocess.check_call(argv)    # Will raise an exception if it exits non-zero
  File "/opt/rh/python27/root/usr/lib64/python2.7/subprocess.py", line 542, in check_call
    raise CalledProcessError(retcode, cmd)
CalledProcessError: Command '['../testcode/test_discovery.sh']' returned non-zero exit status 2

ERROR in 1.32s
tests.zexternaltests TestExternal.test_gtest_cases ... /gtest01/gmain/command-output: OK
[91m** Message: test_log_command_output: Hello, world.
[0m/gtest01/gmain/log-command-output: OK
[91m** Message: generic_childprocess_test: Hello, world.
[0m/gtest01/gmain/childprocess_log_all: OK
/gtest01/gmain/childprocess_false: OK
/gtest01/gmain/childprocess_timeout: .OK
/gtest01/gmain/childprocess_save_command_output: OK
/gtest01/gmain/childprocess_save_command_output_timeout: .OK
/gtest01/gmain/childprocess_save_command_output_signal: OK
[91m** Message: generic_childprocess_test: Hello, world.
[0m/gtest01/gmain/childprocess_stderr_logging: OK
/gtest01/gmain/childprocess_modenv: OK
/gtest01/gmain/safe_ocfops: OK
/gtest01/gmain/safe_queue_ocfops: .OK
[91m** Message: Test test_safe_queue_lsbops skipped No LSB Resource agent [/etc/init.d/nanoprobe]
[0m/gtest01/gmain/safe_queue_lsbops: OK
/gtest02/test_childprocess_failure: OK
[91m
[0m[91m** CRITICAL **: childprocess_new.135: Failed to execute child process "/dev/null" (Permission denied)
[0m[91maborting...
[0m[91m
[0m[91m** WARNING **: resourcecmd_new.82: No class name in request [{}]
[0m[91maborting...
[0m[91m
[0m[91m** WARNING **: resourcecmd_new.92: Invalid resource class [NOSUCHRESOURCECLASS]
[0m[91maborting...
[0m/gtest02/test_invalid_resourcecmd: OK
[91m
[0m/gtest02/test_invalid_queuecmd: OK
[91m** WARNING **: resourceocf_new.66: No type field in OCF agent request.
[0m[91maborting...
[0m[91m
[0m[91m** WARNING **: resourceocf_new.66: No type field in OCF agent request.
[0m[91maborting...
[0m[91m
[0m[91m** WARNING **: resourceocf_new.97: No OCF Resource agent [/usr/lib/ocf/resource.d/heartbeat/NOSUCHOCFRESOURCETYPE]
[0m[91maborting...
[0m[91m
[0m[91m** WARNING **: resourceocf_new.97: No OCF Resource agent [/usr/lib/ocf/resource.d/heartbeat/NOSUCHOCFRESOURCETYPE]
[0m[91maborting...
[0m[91m
[0m[91m** WARNING **: resourceocf_new.89: environ field in OCF request is invalid.
[0m[91maborting...
[0m[91m
[0m[91m** WARNING **: resourcelsb_new.77: No LSB Resource agent [/etc/init.d/NOSUCHOCFRESOURCETYPE]
[0m[91maborting...
[0m
******RUNNING TEST COMMAND ['gtest01']

SUCCESS: ['../../bin/testcode/gtest01'] exited with return code 0 in 0:00:02.913618

******RUNNING TEST COMMAND ['gtest02']

SUCCESS: ['../../bin/testcode/gtest02'] exited with return code 0 in 0:00:00.003258
ok in 2.92s
[91m
[0m[91m** WARNING **: resourcecmd_new.74: NULL resourcecmd request
[0m[91maborting...
[0m[91m
[0m[91m** WARNING **: resourcecmd_new.74: NULL resourcecmd request
[0m[91maborting...
[0m[91m
[0m[91m** WARNING **: _resource_queue_cmd_append.176: Request rejected - no request id for resource dumb.
[0m[91maborting...
[0m[91m** Message: NOTE: Encryption enabled. Incoming packet Identities will be verified.
[0m[91mExpecting 30 packets
[0m[91mSending   2 SEQPONG packets per SEQPING packet
[0m[91mTransmit packet loss: 5
[0m[91mReceive packet loss:  5
[0m[91mPong packet padding:  32768 bytes
[0m[91mSocket input buffer:  425984 bytes
[0m[91mSocket output buffer: 425984 bytes
[0m[91mipaddr = ::1
[0m[91mSending an initial SEQPING to [::1]:19840
[0m[91mSending a PONG(2)/PING set to [::1]:19840
[0m[91m** Message: _netio_sendapacket.524: Threw away 138 byte output packet
[0m[91mSending a PONG(2)/PING set to [::1]:19840
[0m[91mReceived a SEQPONG packet from [::1]:19840
[0m[91mReceived a SEQPONG packet from [::1]:19840
[0m[91m** Message: _netio_recvapacket: Threw away 147 byte input packet
[0m[91mSending a PONG(2)/PING set to [::1]:19840
[0m[91mReceived a SEQPONG packet from [::1]:19840
[0m[91m** Message: _netio_sendapacket.524: Threw away 32929 byte output packet
[0m[91mReceived a SEQPONG packet from [::1]:19840
[0m[91mSending a PONG(2)/PING set to [::1]:19840
[0m[91mReceived a SEQPONG packet from [::1]:19840
[0m[91m** Message: _netio_sendapacket.524: Threw away 138 byte output packet
[0m[91m** Message: _netio_sendapacket.524: Threw away 32929 byte output packet
[0m[91mReceived a SEQPONG packet from [::1]:19840
[0m[91mSending a PONG(2)/PING set to [::1]:19840
[0m[91mReceived a SEQPONG packet from [::1]:19840
[0m[91m** Message: _netio_sendapacket.524: Threw away 138 byte output packet
[0m[91mReceived a SEQPONG packet from [::1]:19840
[0m[91mSending a PONG(2)/PING set to [::1]:19840
[0m[91mReceived a SEQPONG packet from [::1]:19840
[0m[91mReceived a SEQPONG packet from [::1]:19840
[0m[91mSending a PONG(2)/PING set to [::1]:19840
[0m[91m** Message: _netio_recvapacket: Threw away 138 byte input packet
[0m[91mReceived a SEQPONG packet from [::1]:19840
[0m[91m** Message: _netio_sendapacket.524: Threw away 138 byte output packet
[0m[91mReceived a SEQPONG packet from [::1]:19840
[0m[91m** Message: _netio_recvapacket: Threw away 147 byte input packet
[0m[91mSending a PONG(2)/PING set to [::1]:19840
[0m[91mReceived a SEQPONG packet from [::1]:19840
[0m[91mReceived a SEQPONG packet from [::1]:19840
[0m[91mSending a PONG(2)/PING set to [::1]:19840
[0m[91mReceived a SEQPONG packet from [::1]:19840
[0m[91mReceived a SEQPONG packet from [::1]:19840
[0m[91mSending a PONG(2)/PING set to [::1]:19840
[0m[91mReceived a SEQPONG packet from [::1]:19840
[0m[91mReceived a SEQPONG packet from [::1]:19840
[0m[91mSending a PONG(2)/PING set to [::1]:19840
[0m[91m** Message: _netio_recvapacket: Threw away 32929 byte input packet
[0m[91mReceived a SEQPONG packet from [::1]:19840
[0m[91mReceived a SEQPONG packet from [::1]:19840
[0m[91mSending a PONG(2)/PING set to [::1]:19840
[0m[91mReceived a SEQPONG packet from [::1]:19840
[0m[91mReceived a SEQPONG packet from [::1]:19840
[0m[91m** Message: _netio_sendapacket.524: Threw away 138 byte output packet
[0m[91m** Message: _netio_sendapacket.524: Threw away 32929 byte output packet
[0m[91mSending a PONG(2)/PING set to [::1]:19840
[0m[91mReceived a SEQPONG packet from [::1]:19840
[0m[91mReceived a SEQPONG packet from [::1]:19840
[0m[91mSending a PONG(2)/PING set to [::1]:19840
[0m[91mReceived a SEQPONG packet from [::1]:19840
[0m[91mReceived a SEQPONG packet from [::1]:19840
[0m[91m** Message: _netio_recvapacket: Threw away 147 byte input packet
[0m[91mSending a PONG(2)/PING set to [::1]:19840
[0m[91mReceived a SEQPONG packet from [::1]:19840
[0m[91mReceived a SEQPONG packet from [::1]:19840
[0m[91m** Message: _netio_sendapacket.524: Threw away 138 byte output packet
[0m[91mSending a PONG(2)/PING set to [::1]:19840
[0m[91mReceived a SEQPONG packet from [::1]:19840
[0m[91m** Message: _netio_recvapacket: Threw away 32929 byte input packet
[0m[91mReceived a SEQPONG packet from [::1]:19840
[0m[91mSending a PONG(2)/PING set to [::1]:19840
[0m[91mReceived a SEQPONG packet from [::1]:19840
[0m[91mReceived a SEQPONG packet from [::1]:19840
[0m[91mSending a PONG(2)/PING set to [::1]:19840
[0m[91m** Message: _netio_sendapacket.524: Threw away 32929 byte output packet
[0m[91mReceived a SEQPONG packet from [::1]:19840
[0m[91mReceived a SEQPONG packet from [::1]:19840
[0m[91mSending a PONG(2)/PING set to [::1]:19840
[0m[91mReceived a SEQPONG packet from [::1]:19840
[0m[91mReceived a SEQPONG packet from [::1]:19840
[0m[91mSending a PONG(2)/PING set to [::1]:19840
[0m[91mReceived a SEQPONG packet from [::1]:19840
[0m[91mReceived a SEQPONG packet from [::1]:19840
[0m[91mSending a PONG(2)/PING set to [::1]:19840
[0m[91mReceived a SEQPONG packet from [::1]:19840
[0m[91mReceived a SEQPONG packet from [::1]:19840
[0m[91mSending a PONG(2)/PING set to [::1]:19840
[0m[91mReceived a SEQPONG packet from [::1]:19840
[0m[91mReceived a SEQPONG packet from [::1]:19840
[0m[91mSending a PONG(2)/PING set to [::1]:19840
[0m[91mReceived a SEQPONG packet from [::1]:19840
[0m[91m** Message: _netio_sendapacket.524: Threw away 138 byte output packet
[0m[91mReceived a SEQPONG packet from [::1]:19840
[0m[91mSending a PONG(2)/PING set to [::1]:19840
[0m[91mReceived a SEQPONG packet from [::1]:19840
[0m[91mReceived a SEQPONG packet from [::1]:19840
[0m[91mSending a PONG(2)/PING set to [::1]:19840
[0m[91mReceived a SEQPONG packet from [::1]:19840
[0m[91mReceived a SEQPONG packet from [::1]:19840
[0m[91mSending a PONG(2)/PING set to [::1]:19840
[0m[91mReceived a SEQPONG packet from [::1]:19840
[0m[91mReceived a SEQPONG packet from [::1]:19840
[0m[91mSending a PONG(2)/PING set to [::1]:19840
[0m[91mReceived a SEQPONG packet from [::1]:19840
[0m[91m** Message: _netio_sendapacket.524: Threw away 32929 byte output packet
[0m[91mReceived a SEQPONG packet from [::1]:19840
[0m[91mSending a PONG(2)/PING set to [::1]:19840
[0m[91mReceived a SEQPONG packet from [::1]:19840
[0m[91mReceived a SEQPONG packet from [::1]:19840
[0m[91mSending a PONG(2)/PING set to [::1]:19840
[0m[91mReceived a SEQPONG packet from [::1]:19840
[0m[91mReceived a SEQPONG packet from [::1]:19840
[0m[91m** Message: _netio_sendapacket.524: Threw away 138 byte output packet
[0m[91m** Message: Shutting down on ping count.
[0m[91mSending a PONG(2)/PING set to [::1]:19840
[0m[91mReceived a SEQPONG packet from [::1]:19840
[0m[91mReceived a SEQPONG packet from [::1]:19840
[0m[91mALL CONNECTIONS SHUT DOWN! calling g_main_quit()
[0m[91m** Message: No objects left alive.  Awesome!
[0mtests.zexternaltests TestExternal.test_pinger ... ...................................................................................................................................................................................................................................................................................
******RUNNING TEST COMMAND ['grindping.sh']

SUCCESS: ['../testcode/grindping.sh'] exited with return code 0 in 0:05:08.047062
ok in 308.05s
tests.zexternaltests TestExternal.test_valgrind ... .** (process:4174): DEBUG: Max packet count is 30
[91m** Message: Our OS supports dual ipv4/v6 sockets. Hurray!
[0m[91m** Message: NOT Joining multicast address.
[0m** INFO: nanoprobe_initialize_keys.1524: Generated public key pair [5bf68642381c@@1dd3ecf2611e50e49a39b95a7d80523a]
[91m** Message: CMA received startup message from nanoprobe at address [::1]:1984/1984.
[0m[91m** Message: PARSED JSON: {"data":{"eth0":{"address":"02-42-ac-11-00-de","carrier":true,"default_gw":true,"duplex":"full","ipaddrs":{"172.17.0.222/16":{"name":"eth0","scope":"global"},"fe80::42:acff:fe11:de/64":{"scope":"link"}},"mtu":1500,"operstate":"up","speed":10000},"lo":{"address":"00-00-00-00-00-00","carrier":true,"ipaddrs":{"127.0.0.1/8":{"name":"lo","scope":"host"},"::1/128":{"scope":"host"}},"mtu":65536,"operstate":"unknown"}},"description":"IP Network Configuration","discovertype":"netconfig","host":"5bf68642381c","source":"netconfig"}
[0m[91m** Message: 1 JSON strings parsed.  0 errors.
[0m[91mCreating discovery frameset: #_SWITCH_eth0: {"type": "#SWITCH", "instance": "#_SWITCH_eth0", "device": "eth0", "swprotocols": ["lldp", "cdp"]}
[0m[91mCreating discovery frameset: #_ARP_eth0: {"type": "#ARP", "instance": "#_ARP_eth0", "device": "eth0"}
[0m** INFO: ACKSTARTUP packet queued to send
[91m** Message: Connected to CMA.  Happiness :-D
[0m** INFO: _resource_queue_cmd_append:191: Duplicate request id [2] for resource DummyTestGTest01 - ignored.
** INFO: _resource_queue_cmd_append:191: Duplicate request id [3] for resource DummyTestGTest01 - ignored.
.** INFO: nanoobey_ackstartup.733: Configuration from CMA is complete.
[91m** Message: CMA Received resource operation data (type 33) over the 'wire'.
[0m[91m** Message: 0 JSON strings parsed.  0 errors.
[0m[91m** Message: QUITTING NOW! (heartbeat count)
[0m...............................................................................** INFO: Count of LLDP/CDP pkts sent:               0
** INFO: Count of LLDP/CDP pkts received:           0
** INFO: Count of ARP pkts received:                0
** INFO: shutdown_when_outdone.1463: Shutting down - all connections closed.
** INFO: Count of heartbeats:                      31
** INFO: Count of deadtimes:                        0
** INFO: Count of warntimes:                        0
** INFO: Count of comealives:                       0
** INFO: Count of martians:                         0
** INFO: Count of recvfrom calls:                 124
** INFO: Count of pkts read:                       47
** INFO: Count of framesets read:                  47
** INFO: Count of sendto calls:                    47
** INFO: Count of pkts written:                    47
** INFO: Count of framesets written:                0
** INFO: Count of reliable framesets sent:          7
** INFO: Count of reliable framesets recvd:        39
** INFO: Count of ACKs sent:                        8
** INFO: Count of ACKs recvd:                       8
[91m** Message: Count of 'other' pkts received:	1
[0m[91m** Message: No objects left alive.  Awesome!
[0m
******RUNNING TEST COMMAND ['grind.sh']

SUCCESS: ['../testcode/grind.sh'] exited with return code 0 in 0:01:31.084446
ok in 91.08s
tests.cclass_wrappers_test pySignFrameTest.test_constructor ... ok in 0.00s
tests.cclass_wrappers_test pyConfigContextTest.test_ConfigContext_array ... ok in 0.00s
tests.cclass_wrappers_test pyConfigContextTest.test_ConfigContext_array_with_netaddr ... ok in 0.00s
tests.cclass_wrappers_test pyConfigContextTest.test_child_ConfigContext ... ok in 0.00s
tests.cclass_wrappers_test pyConfigContextTest.test_constructor ... ok in 0.00s
tests.cclass_wrappers_test pyConfigContextTest.test_deepget ... ok in 0.00s
tests.cclass_wrappers_test pyConfigContextTest.test_deepget_array ... ok in 0.00s
tests.cclass_wrappers_test pyConfigContextTest.test_int ... ok in 0.00s
tests.cclass_wrappers_test pyConfigContextTest.test_keys ... ok in 0.00s
tests.cclass_wrappers_test pyConfigContextTest.test_kitchen_sink ... ok in 0.00s
tests.cclass_wrappers_test pyConfigContextTest.test_string ... ok in 0.00s
tests.cclass_wrappers_test pyNetIOudpTest.test_constructor ... ok in 0.00s
tests.cclass_wrappers_test pyNetIOudpTest.test_members ... ok in 0.00s
tests.cclass_wrappers_test pyNetIOudpTest.test_receiveandsend ... ok in 0.00s
tests.cclass_wrappers_test pyNetIOudpTest.test_send ... ok in 0.00s
tests.store_test TestGeneralQuery.test_multicolumn_query ... .ok in 0.50s
tests.cma_test TestTestInfrastructure.test_echo1pkt ... .......ok in 8.31s
tests.cma_test TestTestInfrastructure.test_eof ... ....ok in 4.28s
tests.cma_test TestTestInfrastructure.test_get1pkt ... .....ok in 5.05s

FAILED.  75 tests / 22 cases: 74 passed, 1 failed.  (Total test time 460.27s)
time="2015-09-13T19:56:49-06:00" level=info msg="The command [/bin/sh -c service rsyslog start & service neo4j-service start & sleep 10 && scl enable python27 'assimcli genkeys && testify -v tests'] returned a non-zero code: 1" 
++ docker run -d assim.centos6 /bin/sleep 5
+ ID=96c612328cb5a972573823b267924d388b2935b6e0bfdb7e789746bd58060d75
+ docker cp 96c612328cb5a972573823b267924d388b2935b6e0bfdb7e789746bd58060d75:/tmp/assimilation-test/packages /home/alanr/monitor/src/docker/CentOS/
